C51 COMPILER V9.60.7.0   EEPROM                                                            04/03/2026 23:57:54 PAGE 1   


C51 COMPILER V9.60.7.0, COMPILATION OF MODULE EEPROM
OBJECT MODULE PLACED IN .\Objects\eeprom.obj
COMPILER INVOKED BY: D:\keil5\C51\BIN\C51.EXE eeprom.c OPTIMIZE(8,SPEED) BROWSE DEBUG OBJECTEXTEND PRINT(.\Listings\eepr
                    -om.lst) OBJECT(.\Objects\eeprom.obj)

line level    source

   1          #include <REGX52.H>
   2          #include "IIC.h"
   3          #include "Delay.h"
   4          
   5          void eeprom_write_onebyte(unsigned char addr, unsigned char dat)
   6          {
   7   1              IIC_Start();            //开启I2C总线
   8   1              IIC_WriteByte(0xA0);//写入模式
   9   1              IIC_WaitAck();
  10   1              IIC_WriteByte(addr);//写入eeprom的地址
  11   1              IIC_WaitAck();
  12   1              IIC_WriteByte(dat);     //写入相关数据
  13   1              IIC_WaitAck();
  14   1              IIC_Stop();                     //关闭I2C总线
  15   1              Delayms(10);            //延时防止数据传输不完全
  16   1      }
  17          
  18          unsigned char eeprom_read_onebyte(unsigned char addr)
  19          {
  20   1              unsigned char temp = 0;
  21   1              
  22   1              IIC_Start();            //开启总线
  23   1              IIC_WriteByte(0xA0);//写入模式
  24   1              IIC_WaitAck();
  25   1              IIC_WriteByte(addr);//写入eeprom存储地址
  26   1              IIC_WaitAck();
  27   1              IIC_Start();            //重新开启总线，改变数据传输方向
  28   1              IIC_WriteByte(0xA1);//读取模式
  29   1              IIC_WaitAck();
  30   1              temp = IIC_ReadByte(0); //读取eeprom存储的数据
  31   1              IIC_Stop();                     //关闭总线
  32   1              return temp;            //返回eeprom中的数据
  33   1      }


MODULE INFORMATION:   STATIC OVERLAYABLE
   CODE SIZE        =     90    ----
   CONSTANT SIZE    =   ----    ----
   XDATA SIZE       =   ----    ----
   PDATA SIZE       =   ----    ----
   DATA SIZE        =   ----       4
   IDATA SIZE       =   ----    ----
   BIT SIZE         =   ----    ----
END OF MODULE INFORMATION.


C51 COMPILATION COMPLETE.  0 WARNING(S),  0 ERROR(S)
