C51 COMPILER V9.60.7.0   IIC                                                               04/03/2026 23:57:53 PAGE 1   


C51 COMPILER V9.60.7.0, COMPILATION OF MODULE IIC
OBJECT MODULE PLACED IN .\Objects\IIC.obj
COMPILER INVOKED BY: D:\keil5\C51\BIN\C51.EXE IIC.c OPTIMIZE(8,SPEED) BROWSE DEBUG OBJECTEXTEND PRINT(.\Listings\IIC.lst
                    -) OBJECT(.\Objects\IIC.obj)

line level    source

   1          #include <REGX52.H>
   2          #include <intrins.h>
   3          #include "Delay.h"
   4          
   5          sbit IIC_SCL = P2^1;
   6          sbit IIC_SDA = P2^0;
   7          
   8          void IIC_Start(void)    //开启I2C总线，SDA由高电平变为低电平
   9          {
  10   1              IIC_SCL = 1;
  11   1              IIC_SDA = 1;
  12   1              Delay10us(1);
  13   1              IIC_SDA = 0;
  14   1              Delay10us(1);
  15   1              IIC_SCL = 0;
  16   1      }
  17          
  18          void IIC_Stop(void)             //关闭I2C总线，SDA由低电平变为高电平
  19          {
  20   1              IIC_SCL = 1;
  21   1              IIC_SDA = 0;
  22   1              Delay10us(1);
  23   1              IIC_SDA = 1;
  24   1              Delay10us(1);
  25   1      }
  26          
  27          void IIC_Ack(void)              //主机和从机的响应函数
  28          {
  29   1              IIC_SCL = 0;
  30   1              IIC_SDA = 0;
  31   1              Delay10us(1);
  32   1              IIC_SCL = 1;
  33   1              Delay10us(1);
  34   1              IIC_SCL = 0;
  35   1      }
  36          
  37          void IIC_NotAck(void)   //非响应函数
  38          {
  39   1              IIC_SCL = 0;
  40   1              IIC_SDA = 1;
  41   1              Delay10us(1);
  42   1              IIC_SCL = 1;
  43   1              Delay10us(1);
  44   1              IIC_SCL = 0;
  45   1      }
  46          
  47          //SDA置1为非响应，置0为响应，且都将SCL先拉高后降低
  48          
  49          unsigned char IIC_WaitAck(void) //响应等待，判断主从机之间是否有响应
  50          {
  51   1              unsigned char tim = 0;
  52   1              IIC_SCL = 1;
  53   1              Delay10us(1);
  54   1              while(IIC_SDA)
C51 COMPILER V9.60.7.0   IIC                                                               04/03/2026 23:57:53 PAGE 2   

  55   1              {
  56   2                      tim++;
  57   2                      if(tim > 100)                   //设定的超时时间
  58   2                      {
  59   3                              IIC_Stop();                     //超时则停止I2C总线的占用
  60   3                              return 1;
  61   3                      }
  62   2              }
  63   1              IIC_SCL = 0;
  64   1              return 0;                                       //成功响应则跳出函数
  65   1      }
  66          
  67          void IIC_WriteByte(unsigned char dat)
  68          {
  69   1              unsigned char i;
  70   1              
  71   1              IIC_SCL = 0;
  72   1              for(i = 0; i < 8; i++)          //逐位写入数据
  73   1              {
  74   2                      if(dat &= 0x80) IIC_SDA = 1;
  75   2                      else IIC_SDA = 0;
  76   2                      dat <<= 1;                              //左移调整录入位次
  77   2                      IIC_SCL = 1;
  78   2                      Delay10us(1);
  79   2                      IIC_SCL = 0;                    //延时捕获电平变化
  80   2                      Delay10us(1);
  81   2              }
  82   1      }
  83          
  84          unsigned char IIC_ReadByte(unsigned char ack)
  85          {
  86   1              unsigned char i;
  87   1              unsigned char receive = 0;
  88   1              
  89   1              for(i = 0; i < 8; i++)          //逐位读取数据
  90   1              {
  91   2                      IIC_SCL = 0;
  92   2                      Delay10us(1);
  93   2                      IIC_SCL = 1;
  94   2                      Delay10us(1);
  95   2                      receive <<= 1;
  96   2                      if(IIC_SDA) receive++;
  97   2              }
  98   1              
  99   1              if(!ack) IIC_NotAck();
 100   1              else IIC_Ack();
 101   1              
 102   1              return receive;                         //返回eeprom中的数据
 103   1      }


MODULE INFORMATION:   STATIC OVERLAYABLE
   CODE SIZE        =    238    ----
   CONSTANT SIZE    =   ----    ----
   XDATA SIZE       =   ----    ----
   PDATA SIZE       =   ----    ----
   DATA SIZE        =   ----       6
   IDATA SIZE       =   ----    ----
   BIT SIZE         =   ----    ----
END OF MODULE INFORMATION.


C51 COMPILATION COMPLETE.  0 WARNING(S),  0 ERROR(S)
